Determining if the pthread_create exist failed with the following output:
Change Dir: /media/ahmed/5AC05E6DC05E4F7F/programing/courses/Ropotics ND/SFND_Lidar_Obstacle_Detection/src/quiz/ransac/build/CMakeFiles/CMakeTmp

Run Build Command:"/usr/bin/make" "cmTC_0a5b1/fast"
/usr/bin/make -f CMakeFiles/cmTC_0a5b1.dir/build.make CMakeFiles/cmTC_0a5b1.dir/build
make[1]: Entering directory '/media/ahmed/5AC05E6DC05E4F7F/programing/courses/Ropotics ND/SFND_Lidar_Obstacle_Detection/src/quiz/ransac/build/CMakeFiles/CMakeTmp'
Building C object CMakeFiles/cmTC_0a5b1.dir/CheckSymbolExists.c.o
/usr/bin/cc    -o CMakeFiles/cmTC_0a5b1.dir/CheckSymbolExists.c.o   -c "/media/ahmed/5AC05E6DC05E4F7F/programing/courses/Ropotics ND/SFND_Lidar_Obstacle_Detection/src/quiz/ransac/build/CMakeFiles/CMakeTmp/CheckSymbolExists.c"
Linking C executable cmTC_0a5b1
/usr/bin/cmake -E cmake_link_script CMakeFiles/cmTC_0a5b1.dir/link.txt --verbose=1
/usr/bin/cc      -rdynamic CMakeFiles/cmTC_0a5b1.dir/CheckSymbolExists.c.o  -o cmTC_0a5b1 
CMakeFiles/cmTC_0a5b1.dir/CheckSymbolExists.c.o: In function `main':
CheckSymbolExists.c:(.text+0x1b): undefined reference to `pthread_create'
collect2: error: ld returned 1 exit status
CMakeFiles/cmTC_0a5b1.dir/build.make:97: recipe for target 'cmTC_0a5b1' failed
make[1]: *** [cmTC_0a5b1] Error 1
make[1]: Leaving directory '/media/ahmed/5AC05E6DC05E4F7F/programing/courses/Ropotics ND/SFND_Lidar_Obstacle_Detection/src/quiz/ransac/build/CMakeFiles/CMakeTmp'
Makefile:126: recipe for target 'cmTC_0a5b1/fast' failed
make: *** [cmTC_0a5b1/fast] Error 2

File /media/ahmed/5AC05E6DC05E4F7F/programing/courses/Ropotics ND/SFND_Lidar_Obstacle_Detection/src/quiz/ransac/build/CMakeFiles/CMakeTmp/CheckSymbolExists.c:
/* */
#include <pthread.h>

int main(int argc, char** argv)
{
  (void)argv;
#ifndef pthread_create
  return ((int*)(&pthread_create))[argc];
#else
  (void)argc;
  return 0;
#endif
}

Determining if the function pthread_create exists in the pthreads failed with the following output:
Change Dir: /media/ahmed/5AC05E6DC05E4F7F/programing/courses/Ropotics ND/SFND_Lidar_Obstacle_Detection/src/quiz/ransac/build/CMakeFiles/CMakeTmp

Run Build Command:"/usr/bin/make" "cmTC_f3d63/fast"
/usr/bin/make -f CMakeFiles/cmTC_f3d63.dir/build.make CMakeFiles/cmTC_f3d63.dir/build
make[1]: Entering directory '/media/ahmed/5AC05E6DC05E4F7F/programing/courses/Ropotics ND/SFND_Lidar_Obstacle_Detection/src/quiz/ransac/build/CMakeFiles/CMakeTmp'
Building C object CMakeFiles/cmTC_f3d63.dir/CheckFunctionExists.c.o
/usr/bin/cc   -DCHECK_FUNCTION_EXISTS=pthread_create   -o CMakeFiles/cmTC_f3d63.dir/CheckFunctionExists.c.o   -c /usr/share/cmake-3.10/Modules/CheckFunctionExists.c
Linking C executable cmTC_f3d63
/usr/bin/cmake -E cmake_link_script CMakeFiles/cmTC_f3d63.dir/link.txt --verbose=1
/usr/bin/cc  -DCHECK_FUNCTION_EXISTS=pthread_create    -rdynamic CMakeFiles/cmTC_f3d63.dir/CheckFunctionExists.c.o  -o cmTC_f3d63 -lpthreads 
/usr/bin/ld: cannot find -lpthreads
collect2: error: ld returned 1 exit status
CMakeFiles/cmTC_f3d63.dir/build.make:97: recipe for target 'cmTC_f3d63' failed
make[1]: *** [cmTC_f3d63] Error 1
make[1]: Leaving directory '/media/ahmed/5AC05E6DC05E4F7F/programing/courses/Ropotics ND/SFND_Lidar_Obstacle_Detection/src/quiz/ransac/build/CMakeFiles/CMakeTmp'
Makefile:126: recipe for target 'cmTC_f3d63/fast' failed
make: *** [cmTC_f3d63/fast] Error 2


